producer_class	xtools.gsea.Gsea
producer_timestamp	1440674417978
param	collapse	true
param	cls	/home/zjia/cogena_example/result/GSEA_input/GSE13355.cls#ct_versus_Psoriasis
param	plot_top_x	20
param	norm	meandiv
param	save_rnd_lists	false
param	median	false
param	num	100
param	scoring_scheme	weighted
param	make_sets	true
param	mode	Max_probe
param	gmx	/home/zjia/cogena_example/result/GSEA_input/c2.cp.kegg.v5.0.symbols.gmt
param	gui	false
param	chip	/home/zjia/cogena_example/result/GSEA_input/HG_U133_Plus_2.chip
param	metric	Signal2Noise
param	rpt_label	GSE13355
param	help	false
param	order	descending
param	out	/home/zjia/cogena_example/result/GSEA_output
param	permute	phenotype
param	rnd_type	no_balance
param	set_min	15
param	include_only_symbols	true
param	sort	real
param	rnd_seed	timestamp
param	nperm	1000
param	zip_report	false
param	set_max	500
param	res	/home/zjia/cogena_example/result/GSEA_input/GSE13355_exp.gct

file	/home/zjia/cogena_example/result/GSEA_output/GSE13355.Gsea.1440674417978/index.html
