producer_class	xtools.gsea.Gsea
producer_timestamp	1450264661192
param	collapse	true
param	cls	../result/GSEA_input/GSE30999.cls
param	plot_top_x	20
param	norm	meandiv
param	save_rnd_lists	false
param	median	false
param	num	100
param	scoring_scheme	weighted
param	make_sets	false
param	mode	Max_probe
param	gmx	../result/GSEA_input/c2.cp.kegg.v5.0.symbols.gmt
param	gui	false
param	chip	../result/GSEA_input/HG_U133_Plus_2.chip
param	metric	Signal2Noise
param	rpt_label	GSE30999
param	help	false
param	order	descending
param	out	/home/zjia/cogena_example/src/../result/GSEA_output
param	permute	phenotype
param	rnd_type	no_balance
param	set_min	15
param	include_only_symbols	true
param	sort	real
param	rnd_seed	149
param	nperm	1000
param	zip_report	false
param	set_max	500
param	res	/home/zjia/cogena_example/src/../result/GSEA_input/GSE30999_exp.gct

file	../result/GSEA_output/GSE30999.Gsea.1450264661192/index.html
